Lumerical 2020a FDTD Solver Version 8.23.2271 (Mac 64bit)
 expires (month/day/year): 5/15/2020
using config file: /Users/aliz/.config/Lumerical/License.ini
license host: Alirezas-MacBook-Pro
current time: Thu Apr 30 11:22:50 2020
Running on host: Alirezas-MacBook-Pro.local
All processes are communicating and ready to proceed to simulation...
Running fsp file: /Applications/Lumerical 2020a.app/Contents/Applications/FDTD Solutions.app/Contents/MacOS/fdtd-engine -t 1 -remote /Users/aliz/Documents/uni/Master/masterarbeit/simulation/Lumerical/my simulation/third_try/Dipole_in_GaAs_with_Bragg.fsp
number of processors is 8
processors are distributed as: 2x1x4
Running 3D Simulation
Starting meshing
Simulation size in gridpoints: 67 x 49 x 65
Refined 0 mesh cells (0%)
Completed meshing!
Meshing complete in 0.237569 seconds of CPU time
24 24
Starting meshing
Simulation size in gridpoints: 67 x 49 x 65
Refined 0 mesh cells (0%)
Completed meshing!
Meshing complete in 0.144987 seconds of CPU time
24 24
Starting meshing
Simulation size in gridpoints: 67 x 49 x 65
Refined 0 mesh cells (0%)
Completed meshing!
Meshing complete in 0.136649 seconds of CPU time
8 8
finished material properties
Meshing Time: 0.426206 seconds, Init Electrical Material Time: 0.029104 seconds, Init Magnetic Material Time: 0.000819
Using selected optimization level: 2
Selecting 3d kernel for splitFieldDirection=0 and optLevel=2
-----------------------------------------
Beginning initialization of 3D Simulation
Starting to add sources to simulation
Adding 3D point source
Starting to add boundary conditions to simulation
Adding 3D Anti-Symmetric BC
Adding 3D Parallel BC
Adding 3D Symmetric BC
Adding 3D PML BC
Adding 3D PML BC
Adding 3D Parallel BC
Starting to add monitors to Simulation
Adding analysis monitor
Adding 3D DFT monitor
Adding analysis monitor
Adding 3D DFT monitor
Monitor ::model::Totalpower::x1 is outside the simulation and will not record any data
Adding 3D DFT monitor
Adding 3D DFT monitor
Monitor ::model::Totalpower::y1 is outside the simulation and will not record any data
Adding 3D DFT monitor
Adding 3D DFT monitor
Adding 3D DFT monitor
Finished initialization of 3D Simulation
-----------------------------------------
All processes are communicating and ready to proceed to simulation...
Starting 10490 total iterations
0.457578% complete. Max time remaining: 1 min, 4 secs. Auto Shutoff: 1
2.28789% complete. Max time remaining: 1 min, 2 secs. Auto Shutoff: 1
4.72831% complete. Max time remaining: 1 min, 15 secs. Auto Shutoff: 1
5.94851% complete. Max time remaining: 1 min, 12 secs. Auto Shutoff: 1
8.38893% complete. Max time remaining: 1 min, 9 secs. Auto Shutoff: 1
10.8293% complete. Max time remaining: 1 min, 7 secs. Auto Shutoff: 1
13.2698% complete. Max time remaining: 1 min, 5 secs. Auto Shutoff: 1
15.7102% complete. Max time remaining: 1 min, 3 secs. Auto Shutoff: 1
18.1506% complete. Max time remaining: 1 min, 4 secs. Auto Shutoff: 1
19.3708% complete. Max time remaining: 1 min, 3 secs. Auto Shutoff: 1
21.8112% complete. Max time remaining: 1 min, 0 secs. Auto Shutoff: 1
24.2516% complete. Max time remaining: 58 secs. Auto Shutoff: 1
26.692% complete. Max time remaining: 56 secs. Auto Shutoff: 1
29.1325% complete. Max time remaining: 54 secs. Auto Shutoff: 1
31.5729% complete. Max time remaining: 52 secs. Auto Shutoff: 1
32.7931% complete. Max time remaining: 51 secs. Auto Shutoff: 1
35.2335% complete. Max time remaining: 49 secs. Auto Shutoff: 0.0514543
37.6739% complete. Max time remaining: 47 secs. Auto Shutoff: 0.0427291
40.1143% complete. Max time remaining: 44 secs. Auto Shutoff: 0.0331608
42.5548% complete. Max time remaining: 42 secs. Auto Shutoff: 0.0277547
44.9952% complete. Max time remaining: 40 secs. Auto Shutoff: 0.0209102
47.4356% complete. Max time remaining: 38 secs. Auto Shutoff: 0.0168747
49.876% complete. Max time remaining: 36 secs. Auto Shutoff: 0.0121177
52.3164% complete. Max time remaining: 34 secs. Auto Shutoff: 0.00998446
54.7568% complete. Max time remaining: 32 secs. Auto Shutoff: 0.00709854
57.1972% complete. Max time remaining: 30 secs. Auto Shutoff: 0.00524659
59.6377% complete. Max time remaining: 28 secs. Auto Shutoff: 0.00363812
62.0781% complete. Max time remaining: 26 secs. Auto Shutoff: 0.00242847
64.5185% complete. Max time remaining: 25 secs. Auto Shutoff: 0.00168679
66.9589% complete. Max time remaining: 23 secs. Auto Shutoff: 0.00105876
69.3993% complete. Max time remaining: 21 secs. Auto Shutoff: 0.000871985
71.8397% complete. Max time remaining: 19 secs. Auto Shutoff: 0.000526007
74.2802% complete. Max time remaining: 18 secs. Auto Shutoff: 0.000394145
76.7206% complete. Max time remaining: 16 secs. Auto Shutoff: 0.000309074
79.161% complete. Max time remaining: 14 secs. Auto Shutoff: 0.000260838
81.6014% complete. Max time remaining: 13 secs. Auto Shutoff: 0.000204945
84.0418% complete. Max time remaining: 11 secs. Auto Shutoff: 0.000185509
86.4822% complete. Max time remaining: 9 secs. Auto Shutoff: 0.000159522
88.9227% complete. Max time remaining: 7 secs. Auto Shutoff: 0.00013367
91.3631% complete. Max time remaining: 6 secs. Auto Shutoff: 0.000107223
93.8035% complete. Max time remaining: 4 secs. Auto Shutoff: 0.000106101
96.2439% complete. Max time remaining: 3 secs. Auto Shutoff: 9.86571e-05
98.6843% complete. Max time remaining: 1 secs. Auto Shutoff: 7.95643e-05
99.9999% complete. Max time remaining: 0 secs. Auto Shutoff: 8.2878e-05
Completed 10490 iterations, or 9.999985e-14s of Simulation Time
Process 0 starting to collect data
    collecting monitor data
Monitor ::model::Totalpower::x1 is outside the simulation and will not record any data
Monitor ::model::Totalpower::y1 is outside the simulation and will not record any data
    collecting source data
Finished collecting data
Simulation completed successfully at: Thu Apr 30 11:24:05 2020
Overall wall time measurements in seconds: 75.5111
    time to mesh and initialize: 8.16715
    time to run FDTD simulation: 66.8438
    time to checkpoint simulation: 2e-06
    time to finalize data and save to files: 0.017358
    miscellaneous time: 0.482812
    FDTD solver speed on process 0: 33.4887 Mnodes/s
    total FDTD solver speed on 8 processes: 267.91 Mnodes/s
